2026-03-12 20:42:19.799 [info] [main] Log level: Info
2026-03-12 20:42:19.799 [info] [main] Validating found git in: "git"
2026-03-12 20:42:19.799 [info] [main] Using git "2.47.2" from "git"
2026-03-12 20:42:19.799 [info] [Model][doInitialScan] Initial repository scan started
2026-03-12 20:42:19.799 [info] > git rev-parse --show-toplevel [73ms]
2026-03-12 20:42:19.799 [info] > git rev-parse --git-dir --git-common-dir [10ms]
2026-03-12 20:42:19.799 [info] [Model][openRepository] Opened repository: /home/user/insighthunter
2026-03-12 20:42:19.801 [info] > git rev-parse --show-toplevel [4ms]
2026-03-12 20:42:19.803 [info] > git config --get commit.template [24ms]
2026-03-12 20:42:19.834 [info] [Git][getRemotes] No remotes found in the git config file
2026-03-12 20:42:19.840 [info] > git rev-parse --show-toplevel [25ms]
2026-03-12 20:42:19.842 [info] > git for-each-ref --format=%(refname)%00%(upstream:short)%00%(objectname)%00%(upstream:track)%00%(upstream:remotename)%00%(upstream:remoteref) refs/heads/main refs/remotes/main [13ms]
2026-03-12 20:42:19.894 [info] > git status -z -uall [40ms]
2026-03-12 20:42:19.897 [info] > git rev-parse --show-toplevel [11ms]
2026-03-12 20:42:19.897 [info] > git for-each-ref --sort -committerdate --format %(refname)%00%(objectname)%00%(*objectname) [28ms]
2026-03-12 20:42:19.962 [info] > git for-each-ref --format=%(refname)%00%(upstream:short)%00%(objectname)%00%(upstream:track)%00%(upstream:remotename)%00%(upstream:remoteref) refs/heads/main refs/remotes/main [42ms]
2026-03-12 20:42:20.023 [info] > git config --get commit.template [67ms]
2026-03-12 20:42:20.023 [info] > git rev-parse --show-toplevel [84ms]
2026-03-12 20:42:20.027 [info] [Model][doInitialScan] Initial repository scan completed - repositories (1), closed repositories (0), parent repositories (0), unsafe repositories (0)
2026-03-12 20:42:20.036 [info] > git config --get --local branch.main.vscode-merge-base [60ms]
2026-03-12 20:42:20.036 [warning] [Git][config] git config failed: Failed to execute git
2026-03-12 20:42:20.065 [info] [Git][getRemotes] No remotes found in the git config file
2026-03-12 20:42:20.070 [info] > git for-each-ref --format=%(refname)%00%(upstream:short)%00%(objectname)%00%(upstream:track)%00%(upstream:remotename)%00%(upstream:remoteref) refs/heads/main refs/remotes/main [6ms]
2026-03-12 20:42:20.106 [info] > git reflog main --grep-reflog=branch: Created from *. [56ms]
2026-03-12 20:42:20.120 [info] > git status -z -uall [38ms]
2026-03-12 20:42:20.121 [info] > git for-each-ref --sort -committerdate --format %(refname)%00%(objectname)%00%(*objectname) [16ms]
2026-03-12 20:42:30.697 [info] [Git][getRemotes] No remotes found in the git config file
2026-03-12 20:42:30.726 [info] > git config --get commit.template [34ms]
2026-03-12 20:42:30.733 [info] > git for-each-ref --format=%(refname)%00%(upstream:short)%00%(objectname)%00%(upstream:track)%00%(upstream:remotename)%00%(upstream:remoteref) refs/heads/main refs/remotes/main [15ms]
2026-03-12 20:42:30.772 [info] > git status -z -uall [21ms]
2026-03-12 20:42:30.784 [info] > git for-each-ref --sort -committerdate --format %(refname)%00%(objectname)%00%(*objectname) [15ms]
2026-03-12 20:43:29.678 [info] > git config --get commit.template [22ms]
2026-03-12 20:43:29.687 [info] [Git][getRemotes] No remotes found in the git config file
2026-03-12 20:43:29.715 [info] > git for-each-ref --format=%(refname)%00%(upstream:short)%00%(objectname)%00%(upstream:track)%00%(upstream:remotename)%00%(upstream:remoteref) refs/heads/main refs/remotes/main [12ms]
2026-03-12 20:43:29.745 [info] > git status -z -uall [17ms]
2026-03-12 20:43:29.751 [info] > git for-each-ref --sort -committerdate --format %(refname)%00%(objectname)%00%(*objectname) [9ms]
2026-03-12 20:43:34.829 [info] > git config --get commit.template [36ms]
2026-03-12 20:43:34.860 [info] [Git][getRemotes] No remotes found in the git config file
2026-03-12 20:43:34.880 [info] > git for-each-ref --format=%(refname)%00%(upstream:short)%00%(objectname)%00%(upstream:track)%00%(upstream:remotename)%00%(upstream:remoteref) refs/heads/main refs/remotes/main [17ms]
2026-03-12 20:43:34.926 [info] > git status -z -uall [24ms]
2026-03-12 20:43:34.940 [info] > git for-each-ref --sort -committerdate --format %(refname)%00%(objectname)%00%(*objectname) [17ms]
2026-03-12 20:43:39.961 [info] [Git][getRemotes] No remotes found in the git config file
2026-03-12 20:43:39.962 [info] > git config --get commit.template [9ms]
2026-03-12 20:43:39.965 [info] > git for-each-ref --format=%(refname)%00%(upstream:short)%00%(objectname)%00%(upstream:track)%00%(upstream:remotename)%00%(upstream:remoteref) refs/heads/main refs/remotes/main [4ms]
2026-03-12 20:43:39.987 [info] > git status -z -uall [16ms]
2026-03-12 20:43:39.994 [info] > git for-each-ref --sort -committerdate --format %(refname)%00%(objectname)%00%(*objectname) [6ms]
2026-03-12 20:44:38.872 [info] [Git][getRemotes] No remotes found in the git config file
2026-03-12 20:44:38.873 [info] > git config --get commit.template [8ms]
2026-03-12 20:44:38.874 [info] > git for-each-ref --format=%(refname)%00%(upstream:short)%00%(objectname)%00%(upstream:track)%00%(upstream:remotename)%00%(upstream:remoteref) refs/heads/main refs/remotes/main [3ms]
2026-03-12 20:44:38.887 [info] > git status -z -uall [9ms]
2026-03-12 20:44:38.889 [info] > git for-each-ref --sort -committerdate --format %(refname)%00%(objectname)%00%(*objectname) [4ms]
2026-03-12 20:45:54.553 [info] [Git][getRemotes] No remotes found in the git config file
2026-03-12 20:45:54.557 [info] > git config --get commit.template [19ms]
2026-03-12 20:45:54.558 [info] > git for-each-ref --format=%(refname)%00%(upstream:short)%00%(objectname)%00%(upstream:track)%00%(upstream:remotename)%00%(upstream:remoteref) refs/heads/main refs/remotes/main [6ms]
2026-03-12 20:45:54.584 [info] > git status -z -uall [17ms]
2026-03-12 20:45:54.585 [info] > git for-each-ref --sort -committerdate --format %(refname)%00%(objectname)%00%(*objectname) [7ms]
2026-03-12 20:46:01.889 [info] [Git][getRemotes] No remotes found in the git config file
2026-03-12 20:46:01.892 [info] > git for-each-ref --format=%(refname)%00%(upstream:short)%00%(objectname)%00%(upstream:track)%00%(upstream:remotename)%00%(upstream:remoteref) refs/heads/main refs/remotes/main [16ms]
2026-03-12 20:46:01.895 [info] > git config --get commit.template [29ms]
2026-03-12 20:46:01.943 [info] > git status -z -uall [26ms]
2026-03-12 20:46:01.952 [info] > git for-each-ref --sort -committerdate --format %(refname)%00%(objectname)%00%(*objectname) [17ms]
2026-03-12 20:46:14.275 [info] > git check-ignore -v -z --stdin [8ms]
2026-03-12 20:46:26.865 [info] > git check-ignore -v -z --stdin [32ms]
2026-03-12 20:46:27.107 [info] > git ls-files --stage -- src/app/page.tsx [14ms]
2026-03-12 20:46:27.135 [info] > git show --textconv :src/app/page.tsx [63ms]
2026-03-12 20:46:27.161 [info] > git cat-file -s 295f8fdf14fcfe6cccaa832133037157521b1890 [33ms]
2026-03-12 20:46:51.423 [info] > git show --textconv :src/app/globals.css [12ms]
2026-03-12 20:46:51.425 [info] > git ls-files --stage -- src/app/globals.css [3ms]
2026-03-12 20:46:51.436 [info] > git cat-file -s a2dc41ecee5ec435200fe7cba2bde4107f823774 [3ms]
2026-03-12 20:46:59.870 [info] > git check-ignore -v -z --stdin [5ms]
2026-03-12 20:47:11.272 [info] > git check-ignore -v -z --stdin [5ms]
2026-03-12 20:49:13.797 [info] [Git][getRemotes] No remotes found in the git config file
2026-03-12 20:49:13.823 [info] > git config --get commit.template [55ms]
2026-03-12 20:49:13.825 [info] > git for-each-ref --format=%(refname)%00%(upstream:short)%00%(objectname)%00%(upstream:track)%00%(upstream:remotename)%00%(upstream:remoteref) refs/heads/main refs/remotes/main [31ms]
2026-03-12 20:49:13.860 [info] > git status -z -uall [19ms]
2026-03-12 20:49:13.875 [info] > git for-each-ref --sort -committerdate --format %(refname)%00%(objectname)%00%(*objectname) [16ms]
2026-03-12 20:49:20.005 [info] > git check-ignore -v -z --stdin [5ms]
2026-03-12 20:49:21.933 [info] > git show --textconv :.vscode/settings.json [46ms]
2026-03-12 20:49:21.936 [info] > git ls-files --stage -- .vscode/settings.json [18ms]
2026-03-12 20:49:21.965 [info] > git cat-file -s bfafca24857cd00a3f18dbbde459e4ac8777dd8d [11ms]
2026-03-12 20:49:22.774 [info] > git check-ignore -v -z --stdin [20ms]
2026-03-12 20:49:28.524 [info] > git check-ignore -v -z --stdin [4ms]
2026-03-12 20:49:34.135 [info] > git check-ignore -v -z --stdin [99ms]
2026-03-12 20:49:34.245 [info] > git show --textconv :insighthunter/docs/api-reference.md [58ms]
2026-03-12 20:49:34.303 [info] > git ls-files --stage -- insighthunter/docs/api-reference.md [71ms]
2026-03-12 20:49:34.348 [info] > git hash-object -t tree /dev/null [49ms]
2026-03-12 20:49:34.349 [warning] [GitFileSystemProvider][readFile] File not found - git:/home/user/insighthunter/insighthunter/docs/api-reference.md.git?%7B%22path%22%3A%22%2Fhome%2Fuser%2Finsighthunter%2Finsighthunter%2Fdocs%2Fapi-reference.md%22%2C%22ref%22%3A%22%22%7D
2026-03-12 20:49:34.374 [info] > git hash-object -t tree /dev/null [34ms]
2026-03-12 20:49:34.374 [warning] [GitFileSystemProvider][stat] File not found - git:/home/user/insighthunter/insighthunter/docs/api-reference.md.git?%7B%22path%22%3A%22%2Fhome%2Fuser%2Finsighthunter%2Finsighthunter%2Fdocs%2Fapi-reference.md%22%2C%22ref%22%3A%22%22%7D
2026-03-12 20:49:41.123 [info] > git show --textconv :.vscode/settings.json [40ms]
2026-03-12 20:49:41.135 [info] > git ls-files --stage -- .vscode/settings.json [24ms]
2026-03-12 20:49:41.182 [info] > git cat-file -s bfafca24857cd00a3f18dbbde459e4ac8777dd8d [21ms]
2026-03-12 20:49:50.188 [info] > git check-ignore -v -z --stdin [6ms]
2026-03-12 20:49:53.215 [info] > git check-ignore -v -z --stdin [6ms]
2026-03-12 20:50:25.585 [info] > git blame --root --incremental 27f55c35dfd7e589be882eaa10bc887e57dbeaf0 -- .vscode/settings.json [22ms]
2026-03-12 20:50:51.164 [info] > git check-ignore -v -z --stdin [5ms]
2026-03-12 20:50:53.694 [info] > git check-ignore -v -z --stdin [3ms]
2026-03-12 20:50:54.646 [info] > git check-ignore -v -z --stdin [4ms]
2026-03-12 20:50:57.992 [info] > git check-ignore -v -z --stdin [6ms]
2026-03-12 20:50:59.331 [info] > git check-ignore -v -z --stdin [5ms]
2026-03-12 20:51:02.300 [info] > git check-ignore -v -z --stdin [6ms]
2026-03-12 20:51:03.942 [info] > git check-ignore -v -z --stdin [7ms]
2026-03-12 20:52:05.585 [info] [Git][getRemotes] No remotes found in the git config file
2026-03-12 20:52:05.590 [info] > git config --get commit.template [16ms]
2026-03-12 20:52:05.592 [info] > git for-each-ref --format=%(refname)%00%(upstream:short)%00%(objectname)%00%(upstream:track)%00%(upstream:remotename)%00%(upstream:remoteref) refs/heads/main refs/remotes/main [9ms]
2026-03-12 20:52:05.628 [info] > git for-each-ref --sort -committerdate --format %(refname)%00%(objectname)%00%(*objectname) [8ms]
2026-03-12 20:52:05.643 [info] > git status -z -uall [42ms]
2026-03-12 20:52:40.847 [info] [Git][getRemotes] No remotes found in the git config file
2026-03-12 20:52:40.850 [info] > git config --get commit.template [17ms]
2026-03-12 20:52:40.852 [info] > git for-each-ref --format=%(refname)%00%(upstream:short)%00%(objectname)%00%(upstream:track)%00%(upstream:remotename)%00%(upstream:remoteref) refs/heads/main refs/remotes/main [5ms]
2026-03-12 20:52:40.883 [info] > git for-each-ref --sort -committerdate --format %(refname)%00%(objectname)%00%(*objectname) [6ms]
2026-03-12 20:52:40.896 [info] > git status -z -uall [34ms]
2026-03-12 20:52:41.626 [info] > git check-ignore -v -z --stdin [30ms]
2026-03-12 20:53:05.343 [info] > git show --textconv :insighthunter/public/index.html [620ms]
2026-03-12 20:53:05.346 [info] > git ls-files --stage -- insighthunter/public/index.html [556ms]
2026-03-12 20:53:05.347 [warning] [GitFileSystemProvider][stat] File not found - git:/home/user/insighthunter/insighthunter/public/index.html.git?%7B%22path%22%3A%22%2Fhome%2Fuser%2Finsighthunter%2Finsighthunter%2Fpublic%2Findex.html%22%2C%22ref%22%3A%22%22%7D
2026-03-12 20:53:05.358 [warning] [GitFileSystemProvider][readFile] File not found - git:/home/user/insighthunter/insighthunter/public/index.html.git?%7B%22path%22%3A%22%2Fhome%2Fuser%2Finsighthunter%2Finsighthunter%2Fpublic%2Findex.html%22%2C%22ref%22%3A%22%22%7D
2026-03-12 20:53:18.718 [info] [Git][getRemotes] No remotes found in the git config file
2026-03-12 20:53:18.719 [info] > git config --get commit.template [13ms]
2026-03-12 20:53:18.724 [info] > git for-each-ref --format=%(refname)%00%(upstream:short)%00%(objectname)%00%(upstream:track)%00%(upstream:remotename)%00%(upstream:remoteref) refs/heads/main refs/remotes/main [7ms]
2026-03-12 20:53:18.764 [info] > git for-each-ref --sort -committerdate --format %(refname)%00%(objectname)%00%(*objectname) [8ms]
2026-03-12 20:53:18.774 [info] > git status -z -uall [37ms]
2026-03-12 20:53:21.878 [info] > git show --textconv :insighthunter/insighthunter/.prettierrc [16ms]
2026-03-12 20:53:21.881 [warning] [GitFileSystemProvider][readFile] File not found - git:/home/user/insighthunter/insighthunter/insighthunter/.prettierrc.git?%7B%22path%22%3A%22%2Fhome%2Fuser%2Finsighthunter%2Finsighthunter%2Finsighthunter%2F.prettierrc%22%2C%22ref%22%3A%22%22%7D
2026-03-12 20:53:21.884 [info] > git ls-files --stage -- insighthunter/insighthunter/.prettierrc [8ms]
2026-03-12 20:53:21.886 [warning] [GitFileSystemProvider][stat] File not found - git:/home/user/insighthunter/insighthunter/insighthunter/.prettierrc.git?%7B%22path%22%3A%22%2Fhome%2Fuser%2Finsighthunter%2Finsighthunter%2Finsighthunter%2F.prettierrc%22%2C%22ref%22%3A%22%22%7D
2026-03-12 20:53:22.692 [info] > git show --textconv :insighthunter/.gitignore [27ms]
2026-03-12 20:53:22.693 [info] > git ls-files --stage -- insighthunter/.gitignore [15ms]
2026-03-12 20:53:22.696 [warning] [GitFileSystemProvider][stat] File not found - git:/home/user/insighthunter/insighthunter/.gitignore.git?%7B%22path%22%3A%22%2Fhome%2Fuser%2Finsighthunter%2Finsighthunter%2F.gitignore%22%2C%22ref%22%3A%22%22%7D
2026-03-12 20:53:22.697 [warning] [GitFileSystemProvider][readFile] File not found - git:/home/user/insighthunter/insighthunter/.gitignore.git?%7B%22path%22%3A%22%2Fhome%2Fuser%2Finsighthunter%2Finsighthunter%2F.gitignore%22%2C%22ref%22%3A%22%22%7D
2026-03-12 20:53:30.014 [info] [Git][getRemotes] No remotes found in the git config file
2026-03-12 20:53:30.017 [info] > git config --get commit.template [14ms]
2026-03-12 20:53:30.018 [info] > git for-each-ref --format=%(refname)%00%(upstream:short)%00%(objectname)%00%(upstream:track)%00%(upstream:remotename)%00%(upstream:remoteref) refs/heads/main refs/remotes/main [5ms]
2026-03-12 20:53:30.045 [info] > git for-each-ref --sort -committerdate --format %(refname)%00%(objectname)%00%(*objectname) [7ms]
2026-03-12 20:53:30.061 [info] > git status -z -uall [30ms]
2026-03-12 20:53:31.650 [info] > git check-ignore -v -z --stdin [4ms]
2026-03-12 20:53:35.646 [info] > git check-ignore -v -z --stdin [7ms]
2026-03-12 20:53:47.564 [info] [Git][getRemotes] No remotes found in the git config file
2026-03-12 20:53:47.565 [info] > git config --get commit.template [14ms]
2026-03-12 20:53:47.568 [info] > git for-each-ref --format=%(refname)%00%(upstream:short)%00%(objectname)%00%(upstream:track)%00%(upstream:remotename)%00%(upstream:remoteref) refs/heads/main refs/remotes/main [4ms]
2026-03-12 20:53:47.596 [info] > git for-each-ref --sort -committerdate --format %(refname)%00%(objectname)%00%(*objectname) [8ms]
2026-03-12 20:53:47.612 [info] > git status -z -uall [36ms]
2026-03-12 20:53:57.156 [info] [Git][getRemotes] No remotes found in the git config file
2026-03-12 20:53:57.157 [info] > git config --get commit.template [13ms]
2026-03-12 20:53:57.160 [info] > git for-each-ref --format=%(refname)%00%(upstream:short)%00%(objectname)%00%(upstream:track)%00%(upstream:remotename)%00%(upstream:remoteref) refs/heads/main refs/remotes/main [4ms]
2026-03-12 20:53:57.191 [info] > git for-each-ref --sort -committerdate --format %(refname)%00%(objectname)%00%(*objectname) [6ms]
2026-03-12 20:53:57.207 [info] > git status -z -uall [38ms]
2026-03-12 20:54:02.603 [info] > git check-ignore -v -z --stdin [4ms]
2026-03-12 20:54:16.551 [info] [Git][getRemotes] No remotes found in the git config file
2026-03-12 20:54:16.553 [info] > git config --get commit.template [12ms]
2026-03-12 20:54:16.556 [info] > git for-each-ref --format=%(refname)%00%(upstream:short)%00%(objectname)%00%(upstream:track)%00%(upstream:remotename)%00%(upstream:remoteref) refs/heads/main refs/remotes/main [5ms]
2026-03-12 20:54:16.586 [info] > git for-each-ref --sort -committerdate --format %(refname)%00%(objectname)%00%(*objectname) [7ms]
2026-03-12 20:54:16.599 [info] > git status -z -uall [35ms]
2026-03-12 20:54:29.250 [info] > git check-ignore -v -z --stdin [5ms]
2026-03-12 20:54:44.282 [info] > git check-ignore -v -z --stdin [5ms]
2026-03-12 20:54:48.128 [info] > git check-ignore -v -z --stdin [6ms]
2026-03-12 20:55:44.045 [info] [Git][getRemotes] No remotes found in the git config file
2026-03-12 20:55:44.054 [info] > git config --get commit.template [31ms]
2026-03-12 20:55:44.054 [info] > git for-each-ref --format=%(refname)%00%(upstream:short)%00%(objectname)%00%(upstream:track)%00%(upstream:remotename)%00%(upstream:remoteref) refs/heads/main refs/remotes/main [9ms]
2026-03-12 20:55:44.128 [info] > git for-each-ref --sort -committerdate --format %(refname)%00%(objectname)%00%(*objectname) [7ms]
2026-03-12 20:55:44.133 [info] > git status -z -uall [51ms]
2026-03-12 20:55:48.092 [info] > git check-ignore -v -z --stdin [5ms]
2026-03-12 20:56:00.986 [info] [Git][getRemotes] No remotes found in the git config file
2026-03-12 20:56:00.986 [info] > git config --get commit.template [10ms]
2026-03-12 20:56:00.990 [info] > git for-each-ref --format=%(refname)%00%(upstream:short)%00%(objectname)%00%(upstream:track)%00%(upstream:remotename)%00%(upstream:remoteref) refs/heads/main refs/remotes/main [5ms]
2026-03-12 20:56:01.019 [info] > git for-each-ref --sort -committerdate --format %(refname)%00%(objectname)%00%(*objectname) [8ms]
2026-03-12 20:56:01.034 [info] > git status -z -uall [38ms]
2026-03-12 20:56:08.868 [info] > git check-ignore -v -z --stdin [4ms]
2026-03-12 20:56:10.487 [info] > git check-ignore -v -z --stdin [5ms]
2026-03-12 20:56:12.324 [info] > git check-ignore -v -z --stdin [5ms]
2026-03-12 20:56:13.785 [info] > git check-ignore -v -z --stdin [12ms]
2026-03-12 21:04:55.718 [info] > git check-ignore -v -z --stdin [92ms]
2026-03-12 21:08:08.185 [info] [Git][getRemotes] No remotes found in the git config file
2026-03-12 21:08:08.185 [info] > git config --get commit.template [8ms]
2026-03-12 21:08:08.187 [info] > git for-each-ref --format=%(refname)%00%(upstream:short)%00%(objectname)%00%(upstream:track)%00%(upstream:remotename)%00%(upstream:remoteref) refs/heads/main refs/remotes/main [3ms]
2026-03-12 21:08:08.205 [info] > git for-each-ref --sort -committerdate --format %(refname)%00%(objectname)%00%(*objectname) [3ms]
2026-03-12 21:08:08.214 [info] > git status -z -uall [21ms]
2026-03-12 21:08:08.641 [info] > git check-ignore -v -z --stdin [11ms]
2026-03-12 21:09:24.558 [info] [Git][getRemotes] No remotes found in the git config file
2026-03-12 21:09:24.559 [info] > git config --get commit.template [8ms]
2026-03-12 21:09:24.563 [info] > git for-each-ref --format=%(refname)%00%(upstream:short)%00%(objectname)%00%(upstream:track)%00%(upstream:remotename)%00%(upstream:remoteref) refs/heads/main refs/remotes/main [5ms]
2026-03-12 21:09:24.584 [info] > git for-each-ref --sort -committerdate --format %(refname)%00%(objectname)%00%(*objectname) [5ms]
2026-03-12 21:09:24.596 [info] > git status -z -uall [26ms]
2026-03-12 21:09:24.693 [info] > git check-ignore -v -z --stdin [3ms]
2026-03-12 21:09:46.437 [info] [Git][getRemotes] No remotes found in the git config file
2026-03-12 21:09:46.441 [info] > git config --get commit.template [12ms]
2026-03-12 21:09:46.443 [info] > git for-each-ref --format=%(refname)%00%(upstream:short)%00%(objectname)%00%(upstream:track)%00%(upstream:remotename)%00%(upstream:remoteref) refs/heads/main refs/remotes/main [6ms]
2026-03-12 21:09:46.477 [info] > git for-each-ref --sort -committerdate --format %(refname)%00%(objectname)%00%(*objectname) [7ms]
2026-03-12 21:09:46.489 [info] > git status -z -uall [38ms]
2026-03-12 21:09:51.546 [info] [Git][getRemotes] No remotes found in the git config file
2026-03-12 21:09:51.549 [info] > git config --get commit.template [14ms]
2026-03-12 21:09:51.550 [info] > git for-each-ref --format=%(refname)%00%(upstream:short)%00%(objectname)%00%(upstream:track)%00%(upstream:remotename)%00%(upstream:remoteref) refs/heads/main refs/remotes/main [4ms]
2026-03-12 21:09:51.589 [info] > git for-each-ref --sort -committerdate --format %(refname)%00%(objectname)%00%(*objectname) [10ms]
2026-03-12 21:09:51.615 [info] > git status -z -uall [56ms]
2026-03-12 21:09:58.659 [info] [Git][getRemotes] No remotes found in the git config file
2026-03-12 21:09:58.660 [info] > git config --get commit.template [12ms]
2026-03-12 21:09:58.663 [info] > git for-each-ref --format=%(refname)%00%(upstream:short)%00%(objectname)%00%(upstream:track)%00%(upstream:remotename)%00%(upstream:remoteref) refs/heads/main refs/remotes/main [4ms]
2026-03-12 21:09:58.696 [info] > git for-each-ref --sort -committerdate --format %(refname)%00%(objectname)%00%(*objectname) [7ms]
2026-03-12 21:09:58.701 [info] > git status -z -uall [28ms]
2026-03-12 21:10:43.959 [info] [Git][getRemotes] No remotes found in the git config file
2026-03-12 21:10:43.960 [info] > git config --get commit.template [22ms]
2026-03-12 21:10:43.966 [info] > git for-each-ref --format=%(refname)%00%(upstream:short)%00%(objectname)%00%(upstream:track)%00%(upstream:remotename)%00%(upstream:remoteref) refs/heads/main refs/remotes/main [7ms]
2026-03-12 21:10:44.029 [info] > git for-each-ref --sort -committerdate --format %(refname)%00%(objectname)%00%(*objectname) [3ms]
2026-03-12 21:10:44.081 [info] > git status -z -uall [94ms]
2026-03-12 21:10:55.751 [info] [Git][getRemotes] No remotes found in the git config file
2026-03-12 21:10:55.754 [info] > git config --get commit.template [21ms]
2026-03-12 21:10:55.760 [info] > git for-each-ref --format=%(refname)%00%(upstream:short)%00%(objectname)%00%(upstream:track)%00%(upstream:remotename)%00%(upstream:remoteref) refs/heads/main refs/remotes/main [10ms]
2026-03-12 21:10:55.807 [info] > git for-each-ref --sort -committerdate --format %(refname)%00%(objectname)%00%(*objectname) [15ms]
2026-03-12 21:10:55.826 [info] > git status -z -uall [49ms]
2026-03-12 21:12:06.858 [info] [Git][getRemotes] No remotes found in the git config file
2026-03-12 21:12:06.859 [info] > git config --get commit.template [17ms]
2026-03-12 21:12:06.867 [info] > git for-each-ref --format=%(refname)%00%(upstream:short)%00%(objectname)%00%(upstream:track)%00%(upstream:remotename)%00%(upstream:remoteref) refs/heads/main refs/remotes/main [9ms]
2026-03-12 21:12:06.932 [info] > git for-each-ref --sort -committerdate --format %(refname)%00%(objectname)%00%(*objectname) [21ms]
2026-03-12 21:12:06.959 [info] > git status -z -uall [75ms]
2026-03-12 21:12:24.342 [info] > git show --textconv :src/app/page.tsx [31ms]
2026-03-12 21:12:24.348 [info] > git ls-files --stage -- src/app/page.tsx [15ms]
2026-03-12 21:12:24.377 [info] > git cat-file -s 295f8fdf14fcfe6cccaa832133037157521b1890 [10ms]
2026-03-12 21:12:26.777 [info] [Git][getRemotes] No remotes found in the git config file
2026-03-12 21:12:26.786 [info] > git config --get commit.template [61ms]
2026-03-12 21:12:26.805 [info] > git for-each-ref --format=%(refname)%00%(upstream:short)%00%(objectname)%00%(upstream:track)%00%(upstream:remotename)%00%(upstream:remoteref) refs/heads/main refs/remotes/main [28ms]
2026-03-12 21:12:26.888 [info] > git for-each-ref --sort -committerdate --format %(refname)%00%(objectname)%00%(*objectname) [15ms]
2026-03-12 21:12:26.996 [info] > git status -z -uall [155ms]
2026-03-12 21:12:26.996 [info] > git show --textconv :src/app/layout.tsx [65ms]
2026-03-12 21:12:26.996 [info] > git ls-files --stage -- src/app/layout.tsx [43ms]
2026-03-12 21:12:27.143 [info] > git cat-file -s f7fa87eb875260ed98651bc419c8139b5119e554 [120ms]
2026-03-12 21:12:30.205 [info] > git show --textconv :src/app/globals.css [40ms]
2026-03-12 21:12:30.212 [info] > git ls-files --stage -- src/app/globals.css [20ms]
2026-03-12 21:12:30.246 [info] > git cat-file -s a2dc41ecee5ec435200fe7cba2bde4107f823774 [9ms]
2026-03-12 21:12:43.747 [info] > git check-ignore -v -z --stdin [5ms]
2026-03-12 21:12:45.868 [info] > git check-ignore -v -z --stdin [39ms]
2026-03-12 21:12:52.537 [info] > git check-ignore -v -z --stdin [12ms]
2026-03-12 21:12:58.084 [info] [Git][getRemotes] No remotes found in the git config file
2026-03-12 21:12:58.088 [info] > git config --get commit.template [40ms]
2026-03-12 21:12:58.102 [info] > git for-each-ref --format=%(refname)%00%(upstream:short)%00%(objectname)%00%(upstream:track)%00%(upstream:remotename)%00%(upstream:remoteref) refs/heads/main refs/remotes/main [16ms]
2026-03-12 21:12:58.166 [info] > git for-each-ref --sort -committerdate --format %(refname)%00%(objectname)%00%(*objectname) [8ms]
2026-03-12 21:12:58.221 [info] > git status -z -uall [90ms]
2026-03-12 21:13:01.170 [info] > git check-ignore -v -z --stdin [17ms]
2026-03-12 21:13:08.479 [info] [Git][getRemotes] No remotes found in the git config file
2026-03-12 21:13:08.479 [info] > git config --get commit.template [8ms]
2026-03-12 21:13:08.481 [info] > git for-each-ref --format=%(refname)%00%(upstream:short)%00%(objectname)%00%(upstream:track)%00%(upstream:remotename)%00%(upstream:remoteref) refs/heads/main refs/remotes/main [3ms]
2026-03-12 21:13:08.499 [info] > git for-each-ref --sort -committerdate --format %(refname)%00%(objectname)%00%(*objectname) [4ms]
2026-03-12 21:13:08.506 [info] > git status -z -uall [20ms]
2026-03-12 21:13:13.540 [info] [Git][getRemotes] No remotes found in the git config file
2026-03-12 21:13:13.542 [info] > git config --get commit.template [11ms]
2026-03-12 21:13:13.547 [info] > git for-each-ref --format=%(refname)%00%(upstream:short)%00%(objectname)%00%(upstream:track)%00%(upstream:remotename)%00%(upstream:remoteref) refs/heads/main refs/remotes/main [7ms]
2026-03-12 21:13:13.582 [info] > git for-each-ref --sort -committerdate --format %(refname)%00%(objectname)%00%(*objectname) [10ms]
2026-03-12 21:13:13.593 [info] > git status -z -uall [37ms]
2026-03-12 21:15:16.822 [info] > git check-ignore -v -z --stdin [3ms]
2026-03-12 21:15:27.863 [info] > git show --textconv :.apps/insighthunter---main/.env.example [10ms]
2026-03-12 21:15:27.864 [warning] [GitFileSystemProvider][readFile] File not found - git:/home/user/insighthunter/.apps/insighthunter---main/.env.example.git?%7B%22path%22%3A%22%2Fhome%2Fuser%2Finsighthunter%2F.apps%2Finsighthunter---main%2F.env.example%22%2C%22ref%22%3A%22%22%7D
2026-03-12 21:15:27.865 [info] > git ls-files --stage -- .apps/insighthunter---main/.env.example [6ms]
2026-03-12 21:15:27.866 [warning] [GitFileSystemProvider][stat] File not found - git:/home/user/insighthunter/.apps/insighthunter---main/.env.example.git?%7B%22path%22%3A%22%2Fhome%2Fuser%2Finsighthunter%2F.apps%2Finsighthunter---main%2F.env.example%22%2C%22ref%22%3A%22%22%7D
2026-03-12 21:17:07.944 [info] > git config --get commit.template [2ms]
2026-03-12 21:17:07.958 [info] [Git][getRemotes] No remotes found in the git config file
2026-03-12 21:17:07.959 [info] > git for-each-ref --format=%(refname)%00%(upstream:short)%00%(objectname)%00%(upstream:track)%00%(upstream:remotename)%00%(upstream:remoteref) refs/heads/main refs/remotes/main [5ms]
2026-03-12 21:17:07.993 [info] > git for-each-ref --sort -committerdate --format %(refname)%00%(objectname)%00%(*objectname) [9ms]
2026-03-12 21:17:07.995 [info] > git check-ignore -v -z --stdin [2ms]
2026-03-12 21:17:09.367 [info] > git status -z -uall [1397ms]
2026-03-12 21:18:48.957 [info] [Git][getRemotes] No remotes found in the git config file
2026-03-12 21:18:48.958 [info] > git config --get commit.template [8ms]
2026-03-12 21:18:48.960 [info] > git for-each-ref --format=%(refname)%00%(upstream:short)%00%(objectname)%00%(upstream:track)%00%(upstream:remotename)%00%(upstream:remoteref) refs/heads/main refs/remotes/main [3ms]
2026-03-12 21:18:48.983 [info] > git for-each-ref --sort -committerdate --format %(refname)%00%(objectname)%00%(*objectname) [7ms]
2026-03-12 21:18:49.056 [info] > git status -z -uall [90ms]
2026-03-12 21:18:49.170 [info] > git check-ignore -v -z --stdin [4ms]
2026-03-12 21:19:35.709 [info] [Git][getRemotes] No remotes found in the git config file
2026-03-12 21:19:35.713 [info] > git config --get commit.template [16ms]
2026-03-12 21:19:35.713 [info] > git for-each-ref --format=%(refname)%00%(upstream:short)%00%(objectname)%00%(upstream:track)%00%(upstream:remotename)%00%(upstream:remoteref) refs/heads/main refs/remotes/main [4ms]
2026-03-12 21:19:35.752 [info] > git for-each-ref --sort -committerdate --format %(refname)%00%(objectname)%00%(*objectname) [8ms]
2026-03-12 21:19:35.829 [info] > git check-ignore -v -z --stdin [7ms]
2026-03-12 21:19:35.882 [info] > git status -z -uall [158ms]
2026-03-12 21:19:55.344 [info] [Git][getRemotes] No remotes found in the git config file
2026-03-12 21:19:55.345 [info] > git config --get commit.template [21ms]
2026-03-12 21:19:55.347 [info] > git for-each-ref --format=%(refname)%00%(upstream:short)%00%(objectname)%00%(upstream:track)%00%(upstream:remotename)%00%(upstream:remoteref) refs/heads/main refs/remotes/main [7ms]
2026-03-12 21:19:55.442 [info] > git for-each-ref --sort -committerdate --format %(refname)%00%(objectname)%00%(*objectname) [49ms]
2026-03-12 21:19:55.464 [info] > git check-ignore -v -z --stdin [25ms]
2026-03-12 21:19:55.706 [info] > git status -z -uall [348ms]
2026-03-12 21:20:16.264 [info] [Git][getRemotes] No remotes found in the git config file
2026-03-12 21:20:16.267 [info] > git config --get commit.template [17ms]
2026-03-12 21:20:16.269 [info] > git for-each-ref --format=%(refname)%00%(upstream:short)%00%(objectname)%00%(upstream:track)%00%(upstream:remotename)%00%(upstream:remoteref) refs/heads/main refs/remotes/main [6ms]
2026-03-12 21:20:16.305 [info] > git for-each-ref --sort -committerdate --format %(refname)%00%(objectname)%00%(*objectname) [5ms]
2026-03-12 21:20:16.362 [info] > git check-ignore -v -z --stdin [7ms]
2026-03-12 21:20:16.435 [info] > git status -z -uall [156ms]
2026-03-12 21:20:41.240 [info] [Git][getRemotes] No remotes found in the git config file
2026-03-12 21:20:41.244 [info] > git config --get commit.template [17ms]
2026-03-12 21:20:41.244 [info] > git for-each-ref --format=%(refname)%00%(upstream:short)%00%(objectname)%00%(upstream:track)%00%(upstream:remotename)%00%(upstream:remoteref) refs/heads/main refs/remotes/main [4ms]
2026-03-12 21:20:41.289 [info] > git for-each-ref --sort -committerdate --format %(refname)%00%(objectname)%00%(*objectname) [9ms]
2026-03-12 21:20:41.355 [info] > git check-ignore -v -z --stdin [5ms]
2026-03-12 21:20:41.416 [info] > git status -z -uall [158ms]
2026-03-12 21:22:29.702 [info] > git config --get commit.template [6ms]
2026-03-12 21:22:29.713 [info] [Git][getRemotes] No remotes found in the git config file
2026-03-12 21:22:29.716 [info] > git for-each-ref --format=%(refname)%00%(upstream:short)%00%(objectname)%00%(upstream:track)%00%(upstream:remotename)%00%(upstream:remoteref) refs/heads/main refs/remotes/main [3ms]
2026-03-12 21:22:29.753 [info] > git for-each-ref --sort -committerdate --format %(refname)%00%(objectname)%00%(*objectname) [6ms]
2026-03-12 21:22:29.849 [info] > git status -z -uall [122ms]
2026-03-12 21:23:06.303 [info] [Git][getRemotes] No remotes found in the git config file
2026-03-12 21:23:06.305 [info] > git config --get commit.template [17ms]
2026-03-12 21:23:06.307 [info] > git for-each-ref --format=%(refname)%00%(upstream:short)%00%(objectname)%00%(upstream:track)%00%(upstream:remotename)%00%(upstream:remoteref) refs/heads/main refs/remotes/main [4ms]
2026-03-12 21:23:06.361 [info] > git for-each-ref --sort -committerdate --format %(refname)%00%(objectname)%00%(*objectname) [20ms]
2026-03-12 21:23:06.498 [info] > git status -z -uall [179ms]
2026-03-12 21:23:06.666 [info] > git check-ignore -v -z --stdin [177ms]
2026-03-12 21:23:25.264 [info] [Git][getRemotes] No remotes found in the git config file
2026-03-12 21:23:25.271 [info] > git config --get commit.template [9ms]
2026-03-12 21:23:25.273 [info] > git for-each-ref --format=%(refname)%00%(upstream:short)%00%(objectname)%00%(upstream:track)%00%(upstream:remotename)%00%(upstream:remoteref) refs/heads/main refs/remotes/main [3ms]
2026-03-12 21:23:25.298 [info] > git for-each-ref --sort -committerdate --format %(refname)%00%(objectname)%00%(*objectname) [5ms]
2026-03-12 21:23:25.385 [info] > git status -z -uall [105ms]
2026-03-12 21:23:30.945 [info] [Git][getRemotes] No remotes found in the git config file
2026-03-12 21:23:30.945 [info] > git config --get commit.template [8ms]
2026-03-12 21:23:30.947 [info] > git for-each-ref --format=%(refname)%00%(upstream:short)%00%(objectname)%00%(upstream:track)%00%(upstream:remotename)%00%(upstream:remoteref) refs/heads/main refs/remotes/main [3ms]
2026-03-12 21:23:30.967 [info] > git for-each-ref --sort -committerdate --format %(refname)%00%(objectname)%00%(*objectname) [2ms]
2026-03-12 21:23:31.042 [info] > git status -z -uall [88ms]
2026-03-12 21:23:44.598 [info] [Git][getRemotes] No remotes found in the git config file
2026-03-12 21:23:44.599 [info] > git config --get commit.template [9ms]
2026-03-12 21:23:44.602 [info] > git for-each-ref --format=%(refname)%00%(upstream:short)%00%(objectname)%00%(upstream:track)%00%(upstream:remotename)%00%(upstream:remoteref) refs/heads/main refs/remotes/main [4ms]
2026-03-12 21:23:44.621 [info] > git for-each-ref --sort -committerdate --format %(refname)%00%(objectname)%00%(*objectname) [6ms]
2026-03-12 21:23:44.693 [info] > git status -z -uall [85ms]
2026-03-12 21:23:49.758 [info] [Git][getRemotes] No remotes found in the git config file
2026-03-12 21:23:49.759 [info] > git config --get commit.template [9ms]
2026-03-12 21:23:49.761 [info] > git for-each-ref --format=%(refname)%00%(upstream:short)%00%(objectname)%00%(upstream:track)%00%(upstream:remotename)%00%(upstream:remoteref) refs/heads/main refs/remotes/main [3ms]
2026-03-12 21:23:49.786 [info] > git for-each-ref --sort -committerdate --format %(refname)%00%(objectname)%00%(*objectname) [8ms]
2026-03-12 21:23:49.866 [info] > git status -z -uall [98ms]
2026-03-12 21:24:02.130 [info] [Git][getRemotes] No remotes found in the git config file
2026-03-12 21:24:02.131 [info] > git config --get commit.template [11ms]
2026-03-12 21:24:02.134 [info] > git for-each-ref --format=%(refname)%00%(upstream:short)%00%(objectname)%00%(upstream:track)%00%(upstream:remotename)%00%(upstream:remoteref) refs/heads/main refs/remotes/main [3ms]
2026-03-12 21:24:02.163 [info] > git for-each-ref --sort -committerdate --format %(refname)%00%(objectname)%00%(*objectname) [5ms]
2026-03-12 21:24:02.237 [info] > git status -z -uall [94ms]
2026-03-12 21:24:31.850 [info] [Git][getRemotes] No remotes found in the git config file
2026-03-12 21:24:31.851 [info] > git config --get commit.template [10ms]
2026-03-12 21:24:31.853 [info] > git for-each-ref --format=%(refname)%00%(upstream:short)%00%(objectname)%00%(upstream:track)%00%(upstream:remotename)%00%(upstream:remoteref) refs/heads/main refs/remotes/main [3ms]
2026-03-12 21:24:31.875 [info] > git for-each-ref --sort -committerdate --format %(refname)%00%(objectname)%00%(*objectname) [4ms]
2026-03-12 21:24:31.941 [info] > git status -z -uall [81ms]
2026-03-12 21:24:54.694 [info] [Git][getRemotes] No remotes found in the git config file
2026-03-12 21:24:54.695 [info] > git config --get commit.template [29ms]
2026-03-12 21:24:54.706 [info] > git for-each-ref --format=%(refname)%00%(upstream:short)%00%(objectname)%00%(upstream:track)%00%(upstream:remotename)%00%(upstream:remoteref) refs/heads/main refs/remotes/main [12ms]
2026-03-12 21:24:54.792 [info] > git for-each-ref --sort -committerdate --format %(refname)%00%(objectname)%00%(*objectname) [9ms]
2026-03-12 21:24:54.978 [info] > git status -z -uall [238ms]
2026-03-12 21:25:06.501 [info] > git check-ignore -v -z --stdin [3ms]
2026-03-12 21:25:08.639 [info] [Git][getRemotes] No remotes found in the git config file
2026-03-12 21:25:08.640 [info] > git config --get commit.template [8ms]
2026-03-12 21:25:08.641 [info] > git for-each-ref --format=%(refname)%00%(upstream:short)%00%(objectname)%00%(upstream:track)%00%(upstream:remotename)%00%(upstream:remoteref) refs/heads/main refs/remotes/main [3ms]
2026-03-12 21:25:08.681 [info] > git for-each-ref --sort -committerdate --format %(refname)%00%(objectname)%00%(*objectname) [10ms]
2026-03-12 21:25:08.737 [info] > git status -z -uall [85ms]
2026-03-12 21:25:31.060 [info] [Git][getRemotes] No remotes found in the git config file
2026-03-12 21:25:31.065 [info] > git config --get commit.template [32ms]
2026-03-12 21:25:31.067 [info] > git for-each-ref --format=%(refname)%00%(upstream:short)%00%(objectname)%00%(upstream:track)%00%(upstream:remotename)%00%(upstream:remoteref) refs/heads/main refs/remotes/main [8ms]
2026-03-12 21:25:31.149 [info] > git for-each-ref --sort -committerdate --format %(refname)%00%(objectname)%00%(*objectname) [18ms]
2026-03-12 21:25:31.388 [info] > git status -z -uall [297ms]
2026-03-12 21:25:36.823 [info] > git config --get commit.template [205ms]
2026-03-12 21:25:36.862 [info] [Git][getRemotes] No remotes found in the git config file
2026-03-12 21:25:36.960 [info] > git for-each-ref --format=%(refname)%00%(upstream:short)%00%(objectname)%00%(upstream:track)%00%(upstream:remotename)%00%(upstream:remoteref) refs/heads/main refs/remotes/main [99ms]
2026-03-12 21:25:37.127 [info] > git for-each-ref --sort -committerdate --format %(refname)%00%(objectname)%00%(*objectname) [110ms]
2026-03-12 21:25:37.216 [info] > git status -z -uall [230ms]
2026-03-12 21:25:42.473 [info] [Git][getRemotes] No remotes found in the git config file
2026-03-12 21:25:42.478 [info] > git config --get commit.template [32ms]
2026-03-12 21:25:42.484 [info] > git for-each-ref --format=%(refname)%00%(upstream:short)%00%(objectname)%00%(upstream:track)%00%(upstream:remotename)%00%(upstream:remoteref) refs/heads/main refs/remotes/main [12ms]
2026-03-12 21:25:42.546 [info] > git for-each-ref --sort -committerdate --format %(refname)%00%(objectname)%00%(*objectname) [7ms]
2026-03-12 21:25:42.648 [info] > git status -z -uall [138ms]
2026-03-12 21:25:52.023 [info] [Git][getRemotes] No remotes found in the git config file
2026-03-12 21:25:52.024 [info] > git config --get commit.template [16ms]
2026-03-12 21:25:52.027 [info] > git for-each-ref --format=%(refname)%00%(upstream:short)%00%(objectname)%00%(upstream:track)%00%(upstream:remotename)%00%(upstream:remoteref) refs/heads/main refs/remotes/main [4ms]
2026-03-12 21:25:52.068 [info] > git for-each-ref --sort -committerdate --format %(refname)%00%(objectname)%00%(*objectname) [9ms]
2026-03-12 21:25:52.223 [info] > git status -z -uall [184ms]
2026-03-12 21:26:04.242 [info] [Git][getRemotes] No remotes found in the git config file
2026-03-12 21:26:04.244 [info] > git config --get commit.template [18ms]
2026-03-12 21:26:04.247 [info] > git for-each-ref --format=%(refname)%00%(upstream:short)%00%(objectname)%00%(upstream:track)%00%(upstream:remotename)%00%(upstream:remoteref) refs/heads/main refs/remotes/main [6ms]
2026-03-12 21:26:04.297 [info] > git for-each-ref --sort -committerdate --format %(refname)%00%(objectname)%00%(*objectname) [7ms]
2026-03-12 21:26:04.438 [info] > git status -z -uall [177ms]
2026-03-12 21:26:29.821 [info] > git check-ignore -v -z --stdin [4ms]
2026-03-12 21:26:39.482 [info] > git check-ignore -v -z --stdin [5ms]
2026-03-12 21:26:41.544 [info] [Git][getRemotes] No remotes found in the git config file
2026-03-12 21:26:41.545 [info] > git config --get commit.template [16ms]
2026-03-12 21:26:41.553 [info] > git for-each-ref --format=%(refname)%00%(upstream:short)%00%(objectname)%00%(upstream:track)%00%(upstream:remotename)%00%(upstream:remoteref) refs/heads/main refs/remotes/main [9ms]
2026-03-12 21:26:41.606 [info] > git for-each-ref --sort -committerdate --format %(refname)%00%(objectname)%00%(*objectname) [18ms]
2026-03-12 21:26:41.686 [info] > git status -z -uall [121ms]
2026-03-12 21:26:43.045 [info] > git check-ignore -v -z --stdin [23ms]
2026-03-12 21:26:52.689 [info] [Git][getRemotes] No remotes found in the git config file
2026-03-12 21:26:52.690 [info] > git config --get commit.template [40ms]
2026-03-12 21:26:52.712 [info] > git for-each-ref --format=%(refname)%00%(upstream:short)%00%(objectname)%00%(upstream:track)%00%(upstream:remotename)%00%(upstream:remoteref) refs/heads/main refs/remotes/main [23ms]
2026-03-12 21:26:52.817 [info] > git for-each-ref --sort -committerdate --format %(refname)%00%(objectname)%00%(*objectname) [22ms]
2026-03-12 21:26:52.965 [info] > git status -z -uall [218ms]
2026-03-12 21:29:41.664 [info] [Git][getRemotes] No remotes found in the git config file
2026-03-12 21:29:41.666 [info] > git config --get commit.template [11ms]
2026-03-12 21:29:41.667 [info] > git for-each-ref --format=%(refname)%00%(upstream:short)%00%(objectname)%00%(upstream:track)%00%(upstream:remotename)%00%(upstream:remoteref) refs/heads/main refs/remotes/main [3ms]
2026-03-12 21:29:41.700 [info] > git for-each-ref --sort -committerdate --format %(refname)%00%(objectname)%00%(*objectname) [15ms]
2026-03-12 21:29:41.821 [info] > git status -z -uall [148ms]
2026-03-12 21:29:46.914 [info] > git config --get commit.template [4ms]
2026-03-12 21:29:46.924 [info] [Git][getRemotes] No remotes found in the git config file
2026-03-12 21:29:46.927 [info] > git for-each-ref --format=%(refname)%00%(upstream:short)%00%(objectname)%00%(upstream:track)%00%(upstream:remotename)%00%(upstream:remoteref) refs/heads/main refs/remotes/main [4ms]
2026-03-12 21:29:46.955 [info] > git for-each-ref --sort -committerdate --format %(refname)%00%(objectname)%00%(*objectname) [4ms]
2026-03-12 21:29:47.030 [info] > git status -z -uall [93ms]
2026-03-12 21:29:57.519 [info] > git config --get commit.template [3ms]
2026-03-12 21:29:57.526 [info] [Git][getRemotes] No remotes found in the git config file
2026-03-12 21:29:57.529 [info] > git for-each-ref --format=%(refname)%00%(upstream:short)%00%(objectname)%00%(upstream:track)%00%(upstream:remotename)%00%(upstream:remoteref) refs/heads/main refs/remotes/main [3ms]
2026-03-12 21:29:57.552 [info] > git for-each-ref --sort -committerdate --format %(refname)%00%(objectname)%00%(*objectname) [3ms]
2026-03-12 21:29:57.620 [info] > git status -z -uall [84ms]
2026-03-12 21:30:03.857 [info] [Git][getRemotes] No remotes found in the git config file
2026-03-12 21:30:03.858 [info] > git config --get commit.template [10ms]
2026-03-12 21:30:03.859 [info] > git for-each-ref --format=%(refname)%00%(upstream:short)%00%(objectname)%00%(upstream:track)%00%(upstream:remotename)%00%(upstream:remoteref) refs/heads/main refs/remotes/main [3ms]
2026-03-12 21:30:03.883 [info] > git for-each-ref --sort -committerdate --format %(refname)%00%(objectname)%00%(*objectname) [6ms]
2026-03-12 21:30:03.947 [info] > git status -z -uall [81ms]
2026-03-12 21:30:07.718 [info] > git check-ignore -v -z --stdin [11ms]
2026-03-12 21:30:09.003 [info] > git config --get commit.template [3ms]
2026-03-12 21:30:09.016 [info] [Git][getRemotes] No remotes found in the git config file
2026-03-12 21:30:09.021 [info] > git for-each-ref --format=%(refname)%00%(upstream:short)%00%(objectname)%00%(upstream:track)%00%(upstream:remotename)%00%(upstream:remoteref) refs/heads/main refs/remotes/main [4ms]
2026-03-12 21:30:09.069 [info] > git for-each-ref --sort -committerdate --format %(refname)%00%(objectname)%00%(*objectname) [10ms]
2026-03-12 21:30:09.180 [info] > git status -z -uall [149ms]
2026-03-12 21:30:14.274 [info] [Git][getRemotes] No remotes found in the git config file
2026-03-12 21:30:14.275 [info] > git config --get commit.template [10ms]
2026-03-12 21:30:14.276 [info] > git for-each-ref --format=%(refname)%00%(upstream:short)%00%(objectname)%00%(upstream:track)%00%(upstream:remotename)%00%(upstream:remoteref) refs/heads/main refs/remotes/main [2ms]
2026-03-12 21:30:14.298 [info] > git for-each-ref --sort -committerdate --format %(refname)%00%(objectname)%00%(*objectname) [4ms]
2026-03-12 21:30:14.359 [info] > git status -z -uall [76ms]
2026-03-12 21:30:29.716 [info] > git config --get commit.template [4ms]
2026-03-12 21:30:29.723 [info] [Git][getRemotes] No remotes found in the git config file
2026-03-12 21:30:29.725 [info] > git for-each-ref --format=%(refname)%00%(upstream:short)%00%(objectname)%00%(upstream:track)%00%(upstream:remotename)%00%(upstream:remoteref) refs/heads/main refs/remotes/main [3ms]
2026-03-12 21:30:29.748 [info] > git for-each-ref --sort -committerdate --format %(refname)%00%(objectname)%00%(*objectname) [5ms]
2026-03-12 21:30:29.810 [info] > git status -z -uall [78ms]
2026-03-12 21:30:32.580 [info] > git check-ignore -v -z --stdin [3ms]
2026-03-12 21:32:47.386 [info] > git config --get commit.template [3ms]
2026-03-12 21:32:47.386 [info] [Git][getRemotes] No remotes found in the git config file
2026-03-12 21:32:47.395 [info] > git for-each-ref --format=%(refname)%00%(upstream:short)%00%(objectname)%00%(upstream:track)%00%(upstream:remotename)%00%(upstream:remoteref) refs/heads/main refs/remotes/main [2ms]
2026-03-12 21:32:47.417 [info] > git for-each-ref --sort -committerdate --format %(refname)%00%(objectname)%00%(*objectname) [4ms]
2026-03-12 21:32:47.480 [info] > git status -z -uall [78ms]
2026-03-12 21:32:57.853 [info] > git check-ignore -v -z --stdin [3ms]
2026-03-12 21:33:13.119 [info] [Git][getRemotes] No remotes found in the git config file
2026-03-12 21:33:13.121 [info] > git config --get commit.template [16ms]
2026-03-12 21:33:13.124 [info] > git for-each-ref --format=%(refname)%00%(upstream:short)%00%(objectname)%00%(upstream:track)%00%(upstream:remotename)%00%(upstream:remoteref) refs/heads/main refs/remotes/main [6ms]
2026-03-12 21:33:13.193 [info] > git for-each-ref --sort -committerdate --format %(refname)%00%(objectname)%00%(*objectname) [27ms]
2026-03-12 21:33:13.364 [info] > git status -z -uall [224ms]
2026-03-12 21:33:18.575 [info] [Git][getRemotes] No remotes found in the git config file
2026-03-12 21:33:18.577 [info] > git config --get commit.template [14ms]
2026-03-12 21:33:18.581 [info] > git for-each-ref --format=%(refname)%00%(upstream:short)%00%(objectname)%00%(upstream:track)%00%(upstream:remotename)%00%(upstream:remoteref) refs/heads/main refs/remotes/main [5ms]
2026-03-12 21:33:18.621 [info] > git for-each-ref --sort -committerdate --format %(refname)%00%(objectname)%00%(*objectname) [8ms]
2026-03-12 21:33:18.722 [info] > git status -z -uall [131ms]
2026-03-12 21:34:00.756 [info] [Git][getRemotes] No remotes found in the git config file
2026-03-12 21:34:00.757 [info] > git config --get commit.template [10ms]
2026-03-12 21:34:00.759 [info] > git for-each-ref --format=%(refname)%00%(upstream:short)%00%(objectname)%00%(upstream:track)%00%(upstream:remotename)%00%(upstream:remoteref) refs/heads/main refs/remotes/main [2ms]
2026-03-12 21:34:00.780 [info] > git for-each-ref --sort -committerdate --format %(refname)%00%(objectname)%00%(*objectname) [4ms]
2026-03-12 21:34:00.843 [info] > git status -z -uall [78ms]
2026-03-12 21:34:05.921 [info] [Git][getRemotes] No remotes found in the git config file
2026-03-12 21:34:05.921 [info] > git config --get commit.template [10ms]
2026-03-12 21:34:05.923 [info] > git for-each-ref --format=%(refname)%00%(upstream:short)%00%(objectname)%00%(upstream:track)%00%(upstream:remotename)%00%(upstream:remoteref) refs/heads/main refs/remotes/main [3ms]
2026-03-12 21:34:05.944 [info] > git for-each-ref --sort -committerdate --format %(refname)%00%(objectname)%00%(*objectname) [3ms]
2026-03-12 21:34:06.007 [info] > git status -z -uall [77ms]
2026-03-12 21:34:09.736 [info] > git check-ignore -v -z --stdin [3ms]
2026-03-12 21:34:11.092 [info] [Git][getRemotes] No remotes found in the git config file
2026-03-12 21:34:11.095 [info] > git config --get commit.template [18ms]
2026-03-12 21:34:11.095 [info] > git for-each-ref --format=%(refname)%00%(upstream:short)%00%(objectname)%00%(upstream:track)%00%(upstream:remotename)%00%(upstream:remoteref) refs/heads/main refs/remotes/main [4ms]
2026-03-12 21:34:11.135 [info] > git for-each-ref --sort -committerdate --format %(refname)%00%(objectname)%00%(*objectname) [9ms]
2026-03-12 21:34:11.238 [info] > git status -z -uall [132ms]
2026-03-12 21:34:16.329 [info] [Git][getRemotes] No remotes found in the git config file
2026-03-12 21:34:16.330 [info] > git config --get commit.template [9ms]
2026-03-12 21:34:16.332 [info] > git for-each-ref --format=%(refname)%00%(upstream:short)%00%(objectname)%00%(upstream:track)%00%(upstream:remotename)%00%(upstream:remoteref) refs/heads/main refs/remotes/main [3ms]
2026-03-12 21:34:16.353 [info] > git for-each-ref --sort -committerdate --format %(refname)%00%(objectname)%00%(*objectname) [4ms]
2026-03-12 21:34:16.416 [info] > git status -z -uall [77ms]
2026-03-12 21:34:21.535 [info] > git config --get commit.template [5ms]
2026-03-12 21:34:21.535 [info] [Git][getRemotes] No remotes found in the git config file
2026-03-12 21:34:21.564 [info] > git for-each-ref --format=%(refname)%00%(upstream:short)%00%(objectname)%00%(upstream:track)%00%(upstream:remotename)%00%(upstream:remoteref) refs/heads/main refs/remotes/main [17ms]
2026-03-12 21:34:21.612 [info] > git for-each-ref --sort -committerdate --format %(refname)%00%(objectname)%00%(*objectname) [11ms]
2026-03-12 21:34:21.704 [info] > git status -z -uall [125ms]
2026-03-12 21:34:41.119 [info] > git config --get commit.template [34ms]
2026-03-12 21:34:41.157 [info] [Git][getRemotes] No remotes found in the git config file
2026-03-12 21:34:41.164 [info] > git for-each-ref --format=%(refname)%00%(upstream:short)%00%(objectname)%00%(upstream:track)%00%(upstream:remotename)%00%(upstream:remoteref) refs/heads/main refs/remotes/main [7ms]
2026-03-12 21:34:41.215 [info] > git for-each-ref --sort -committerdate --format %(refname)%00%(objectname)%00%(*objectname) [12ms]
2026-03-12 21:34:41.352 [info] > git status -z -uall [174ms]
2026-03-12 21:34:46.563 [info] [Git][getRemotes] No remotes found in the git config file
2026-03-12 21:34:46.564 [info] > git config --get commit.template [11ms]
2026-03-12 21:34:46.566 [info] > git for-each-ref --format=%(refname)%00%(upstream:short)%00%(objectname)%00%(upstream:track)%00%(upstream:remotename)%00%(upstream:remoteref) refs/heads/main refs/remotes/main [3ms]
2026-03-12 21:34:46.587 [info] > git for-each-ref --sort -committerdate --format %(refname)%00%(objectname)%00%(*objectname) [5ms]
2026-03-12 21:34:46.679 [info] > git status -z -uall [106ms]
2026-03-12 21:34:46.767 [info] > git check-ignore -v -z --stdin [3ms]
2026-03-12 21:34:52.052 [info] [Git][getRemotes] No remotes found in the git config file
2026-03-12 21:34:52.053 [info] > git config --get commit.template [11ms]
2026-03-12 21:34:52.055 [info] > git for-each-ref --format=%(refname)%00%(upstream:short)%00%(objectname)%00%(upstream:track)%00%(upstream:remotename)%00%(upstream:remoteref) refs/heads/main refs/remotes/main [3ms]
2026-03-12 21:34:52.082 [info] > git for-each-ref --sort -committerdate --format %(refname)%00%(objectname)%00%(*objectname) [4ms]
2026-03-12 21:34:52.151 [info] > git status -z -uall [85ms]
2026-03-12 21:34:52.245 [info] > git check-ignore -v -z --stdin [3ms]
2026-03-12 21:34:57.208 [info] [Git][getRemotes] No remotes found in the git config file
2026-03-12 21:34:57.209 [info] > git config --get commit.template [11ms]
2026-03-12 21:34:57.210 [info] > git for-each-ref --format=%(refname)%00%(upstream:short)%00%(objectname)%00%(upstream:track)%00%(upstream:remotename)%00%(upstream:remoteref) refs/heads/main refs/remotes/main [3ms]
2026-03-12 21:34:57.237 [info] > git for-each-ref --sort -committerdate --format %(refname)%00%(objectname)%00%(*objectname) [4ms]
2026-03-12 21:34:57.300 [info] > git status -z -uall [82ms]
2026-03-12 21:35:05.507 [info] [Git][getRemotes] No remotes found in the git config file
2026-03-12 21:35:05.510 [info] > git config --get commit.template [19ms]
2026-03-12 21:35:05.512 [info] > git for-each-ref --format=%(refname)%00%(upstream:short)%00%(objectname)%00%(upstream:track)%00%(upstream:remotename)%00%(upstream:remoteref) refs/heads/main refs/remotes/main [5ms]
2026-03-12 21:35:05.560 [info] > git for-each-ref --sort -committerdate --format %(refname)%00%(objectname)%00%(*objectname) [8ms]
2026-03-12 21:35:05.647 [info] > git status -z -uall [122ms]
2026-03-12 21:35:10.775 [info] [Git][getRemotes] No remotes found in the git config file
2026-03-12 21:35:10.776 [info] > git config --get commit.template [40ms]
2026-03-12 21:35:10.793 [info] > git for-each-ref --format=%(refname)%00%(upstream:short)%00%(objectname)%00%(upstream:track)%00%(upstream:remotename)%00%(upstream:remoteref) refs/heads/main refs/remotes/main [18ms]
2026-03-12 21:35:10.863 [info] > git for-each-ref --sort -committerdate --format %(refname)%00%(objectname)%00%(*objectname) [4ms]
2026-03-12 21:35:11.043 [info] > git status -z -uall [218ms]
2026-03-12 21:35:16.163 [info] [Git][getRemotes] No remotes found in the git config file
2026-03-12 21:35:16.172 [info] > git config --get commit.template [11ms]
2026-03-12 21:35:16.174 [info] > git for-each-ref --format=%(refname)%00%(upstream:short)%00%(objectname)%00%(upstream:track)%00%(upstream:remotename)%00%(upstream:remoteref) refs/heads/main refs/remotes/main [3ms]
2026-03-12 21:35:16.206 [info] > git for-each-ref --sort -committerdate --format %(refname)%00%(objectname)%00%(*objectname) [13ms]
2026-03-12 21:35:16.271 [info] > git status -z -uall [90ms]
2026-03-12 21:35:30.023 [info] > git check-ignore -v -z --stdin [3ms]
2026-03-12 21:35:31.863 [info] > git check-ignore -v -z --stdin [3ms]
2026-03-12 21:35:33.477 [info] > git check-ignore -v -z --stdin [3ms]
2026-03-12 21:37:08.471 [info] [Git][getRemotes] No remotes found in the git config file
2026-03-12 21:37:08.477 [info] > git config --get commit.template [8ms]
2026-03-12 21:37:08.479 [info] > git for-each-ref --format=%(refname)%00%(upstream:short)%00%(objectname)%00%(upstream:track)%00%(upstream:remotename)%00%(upstream:remoteref) refs/heads/main refs/remotes/main [3ms]
2026-03-12 21:37:08.496 [info] > git for-each-ref --sort -committerdate --format %(refname)%00%(objectname)%00%(*objectname) [5ms]
2026-03-12 21:37:08.577 [info] > git status -z -uall [92ms]
2026-03-12 21:37:39.563 [info] [Git][getRemotes] No remotes found in the git config file
2026-03-12 21:37:39.564 [info] > git config --get commit.template [8ms]
2026-03-12 21:37:39.565 [info] > git for-each-ref --format=%(refname)%00%(upstream:short)%00%(objectname)%00%(upstream:track)%00%(upstream:remotename)%00%(upstream:remoteref) refs/heads/main refs/remotes/main [3ms]
2026-03-12 21:37:39.586 [info] > git for-each-ref --sort -committerdate --format %(refname)%00%(objectname)%00%(*objectname) [4ms]
2026-03-12 21:37:39.652 [info] > git status -z -uall [81ms]
2026-03-12 21:37:44.830 [info] [Git][getRemotes] No remotes found in the git config file
2026-03-12 21:37:44.870 [info] > git config --get commit.template [52ms]
2026-03-12 21:37:44.874 [info] > git for-each-ref --format=%(refname)%00%(upstream:short)%00%(objectname)%00%(upstream:track)%00%(upstream:remotename)%00%(upstream:remoteref) refs/heads/main refs/remotes/main [7ms]
2026-03-12 21:37:44.926 [info] > git for-each-ref --sort -committerdate --format %(refname)%00%(objectname)%00%(*objectname) [7ms]
2026-03-12 21:37:45.122 [info] > git status -z -uall [238ms]
2026-03-12 21:37:58.478 [info] > git config --get commit.template [3ms]
2026-03-12 21:37:58.485 [info] [Git][getRemotes] No remotes found in the git config file
2026-03-12 21:37:58.487 [info] > git for-each-ref --format=%(refname)%00%(upstream:short)%00%(objectname)%00%(upstream:track)%00%(upstream:remotename)%00%(upstream:remoteref) refs/heads/main refs/remotes/main [3ms]
2026-03-12 21:37:58.511 [info] > git for-each-ref --sort -committerdate --format %(refname)%00%(objectname)%00%(*objectname) [3ms]
2026-03-12 21:37:58.603 [info] > git status -z -uall [109ms]
2026-03-12 21:38:10.467 [info] [Git][getRemotes] No remotes found in the git config file
2026-03-12 21:38:10.468 [info] > git config --get commit.template [13ms]
2026-03-12 21:38:10.471 [info] > git for-each-ref --format=%(refname)%00%(upstream:short)%00%(objectname)%00%(upstream:track)%00%(upstream:remotename)%00%(upstream:remoteref) refs/heads/main refs/remotes/main [5ms]
2026-03-12 21:38:10.506 [info] > git for-each-ref --sort -committerdate --format %(refname)%00%(objectname)%00%(*objectname) [7ms]
2026-03-12 21:38:10.643 [info] > git status -z -uall [163ms]
2026-03-12 21:38:15.812 [info] [Git][getRemotes] No remotes found in the git config file
2026-03-12 21:38:15.813 [info] > git config --get commit.template [14ms]
2026-03-12 21:38:15.818 [info] > git for-each-ref --format=%(refname)%00%(upstream:short)%00%(objectname)%00%(upstream:track)%00%(upstream:remotename)%00%(upstream:remoteref) refs/heads/main refs/remotes/main [6ms]
2026-03-12 21:38:15.860 [info] > git for-each-ref --sort -committerdate --format %(refname)%00%(objectname)%00%(*objectname) [5ms]
2026-03-12 21:38:15.951 [info] > git status -z -uall [122ms]
2026-03-12 21:38:35.381 [info] [Git][getRemotes] No remotes found in the git config file
2026-03-12 21:38:35.382 [info] > git config --get commit.template [13ms]
2026-03-12 21:38:35.392 [info] > git for-each-ref --format=%(refname)%00%(upstream:short)%00%(objectname)%00%(upstream:track)%00%(upstream:remotename)%00%(upstream:remoteref) refs/heads/main refs/remotes/main [11ms]
2026-03-12 21:38:35.521 [info] > git for-each-ref --sort -committerdate --format %(refname)%00%(objectname)%00%(*objectname) [57ms]
2026-03-12 21:38:35.726 [info] > git status -z -uall [302ms]
2026-03-12 21:40:03.561 [info] [Git][getRemotes] No remotes found in the git config file
2026-03-12 21:40:03.564 [info] > git config --get commit.template [16ms]
2026-03-12 21:40:03.565 [info] > git for-each-ref --format=%(refname)%00%(upstream:short)%00%(objectname)%00%(upstream:track)%00%(upstream:remotename)%00%(upstream:remoteref) refs/heads/main refs/remotes/main [4ms]
2026-03-12 21:40:03.601 [info] > git for-each-ref --sort -committerdate --format %(refname)%00%(objectname)%00%(*objectname) [7ms]
2026-03-12 21:40:03.668 [info] > git status -z -uall [91ms]
